<?xml version="1.0" encoding="UTF-8"?>
<!-- Generated by org.testng.reporters.JUnitReportReporter -->
<testsuite skipped="1" hostname="LIN39000179" name="com.qa.hubspot.tests.HomePageTest" tests="2" failures="0" timestamp="03 Apr 2020 08:47:06 GMT" time="20.349" errors="0">
  <testcase name="verifyHomePageTitleTest" time="20.349" classname="com.qa.hubspot.tests.HomePageTest"/>
  <testcase name="verifyLoggedInUserTest" classname="com.qa.hubspot.tests.HomePageTest">
    <skipped/>
  </testcase> <!-- verifyLoggedInUserTest -->
</testsuite> <!-- com.qa.hubspot.tests.HomePageTest -->
