<?xml version="1.0" encoding="UTF-8"?>
<!-- Generated by org.testng.reporters.JUnitReportReporter -->
<testsuite skipped="1" hostname="LIN39000179" name="com.qa.hubspot.tests.HomePageTest" tests="3" failures="0" timestamp="03 Apr 2020 14:48:15 GMT" time="54.008" errors="0">
  <testcase name="verifyHomePageTitleTest" time="26.132" classname="com.qa.hubspot.tests.HomePageTest"/>
  <testcase name="verifyHomePageHeaderTest" time="27.876" classname="com.qa.hubspot.tests.HomePageTest"/>
  <testcase name="verifyLoggedInUserTest" classname="com.qa.hubspot.tests.HomePageTest">
    <skipped/>
  </testcase> <!-- verifyLoggedInUserTest -->
</testsuite> <!-- com.qa.hubspot.tests.HomePageTest -->
